This file contains any messages produced by compilers while
running configure, to aid debugging if configure makes a mistake.

It was created by configure, which was
generated by GNU Autoconf 2.53.  Invocation command line was

  $ ./configure --no-create --no-recursion

## --------- ##
## Platform. ##
## --------- ##

hostname = albert2
uname -m = i686
uname -r = 2.2.20
uname -s = Linux
uname -v = #12 Wed Dec 26 13:49:59 CST 2001

/usr/bin/uname -p = unknown
/bin/uname -X     = unknown

/bin/arch              = i686
/usr/bin/arch -k       = unknown
/usr/convex/getsysinfo = unknown
hostinfo               = unknown
/bin/machine           = unknown
/usr/bin/oslevel       = unknown
/bin/universe          = unknown

PATH: /usr/local/sbin
PATH: /usr/sbin
PATH: /sbin
PATH: /usr/local/bin
PATH: /usr/bin
PATH: /home/ant/jakarta-ant-1.5.1/bin
PATH: /bin
PATH: /usr/X11R6/bin
PATH: /usr/openwin/bin
PATH: /usr/games
PATH: /usr/local/mysql/bin
PATH: /usr/local/share/scripts
PATH: /usr/local/share/scripts/docbook2X
PATH: /home/emu/bin
PATH: /usr/local/plt/bin
PATH: /usr/local/tmake/bin
PATH: /usr/local/j2sdk1.4.0_01/bin
PATH: /usr/local/Amaya/GTK/bin
PATH: /opt/kde/bin
PATH: /usr/lib/qt-3.0.4/bin
PATH: /usr/share/texmf/bin


## ----------- ##
## Core tests. ##
## ----------- ##

configure:1403: checking for a BSD-compatible install
configure:1457: result: /usr/bin/ginstall -c
configure:1468: checking whether build environment is sane
configure:1511: result: yes
configure:1544: checking for gawk
configure:1560: found /usr/bin/gawk
configure:1570: result: gawk
configure:1580: checking whether make sets ${MAKE}
configure:1600: result: yes
configure:1755: checking for libtoolize
configure:1773: found /usr/bin/libtoolize
configure:1786: result: /usr/bin/libtoolize
configure:1795: checking for libtool
configure:1813: found /usr/bin/libtool
configure:1826: result: /usr/bin/libtool
configure:1904: checking for gcc
configure:1920: found /usr/bin/gcc
configure:1930: result: gcc
configure:2174: checking for C compiler version
configure:2177: gcc --version </dev/null >&5
2.95.2
configure:2180: $? = 0
configure:2182: gcc -v </dev/null >&5
Reading specs from /usr/lib/gcc-lib/i386-linux/2.95.2/specs
gcc version 2.95.2 20000220 (Debian GNU/Linux)
configure:2185: $? = 0
configure:2187: gcc -V </dev/null >&5
gcc: argument to `-V' is missing
configure:2190: $? = 1
configure:2216: checking for C compiler default output
configure:2219: gcc    conftest.c  >&5
configure:2222: $? = 0
configure:2255: result: a.out
configure:2260: checking whether the C compiler works
configure:2266: ./a.out
configure:2269: $? = 0
configure:2284: result: yes
configure:2291: checking whether we are cross compiling
configure:2293: result: no
configure:2296: checking for suffix of executables
configure:2298: gcc -o conftest    conftest.c  >&5
configure:2301: $? = 0
configure:2323: result: 
configure:2329: checking for suffix of object files
configure:2353: gcc -c   conftest.c >&5
configure:2356: $? = 0
configure:2375: result: o
configure:2379: checking whether we are using the GNU C compiler
configure:2406: gcc -c   conftest.c >&5
configure:2409: $? = 0
configure:2412: test -s conftest.o
configure:2415: $? = 0
configure:2427: result: yes
configure:2433: checking whether gcc accepts -g
configure:2457: gcc -c -g  conftest.c >&5
configure:2460: $? = 0
configure:2463: test -s conftest.o
configure:2466: $? = 0
configure:2476: result: yes
configure:2503: gcc -c -g -O2  conftest.c >&5
conftest.c:2: parse error before `me'
configure:2506: $? = 1
configure: failed program was:
#ifndef __cplusplus
  choke me
#endif
configure:2635: checking for style of include used by make
configure:2663: result: GNU
configure:2691: checking dependency style of gcc
configure:2753: result: gcc
configure:2763: checking how to run the C preprocessor
configure:2789: gcc -E  conftest.c
configure:2795: $? = 0
configure:2822: gcc -E  conftest.c
configure:2818: ac_nonexistent.h: No such file or directory
configure:2828: $? = 1
configure: failed program was:
#line 2817 "configure"
#include "confdefs.h"
#include <ac_nonexistent.h>
configure:2865: result: gcc -E
configure:2880: gcc -E  conftest.c
configure:2886: $? = 0
configure:2913: gcc -E  conftest.c
configure:2909: ac_nonexistent.h: No such file or directory
configure:2919: $? = 1
configure: failed program was:
#line 2908 "configure"
#include "confdefs.h"
#include <ac_nonexistent.h>
configure:2958: checking whether ln -s works
configure:2962: result: yes
configure:2969: checking whether make sets ${MAKE}
configure:2989: result: yes
configure:3010: checking for a BSD-compatible install
configure:3064: result: /usr/bin/ginstall -c
configure:3147: checking build system type
configure:3165: result: i686-pc-linux-gnu
configure:3173: checking host system type
configure:3187: result: i686-pc-linux-gnu
configure:3217: checking for ld used by GCC
configure:3280: result: /usr/bin/ld
configure:3289: checking if the linker (/usr/bin/ld) is GNU ld
GNU ld version 2.12.90.0.9 20020526 Debian GNU/Linux
configure:3301: result: yes
configure:3306: checking for /usr/bin/ld option to reload object files
configure:3313: result: -r
configure:3318: checking for BSD-compatible nm
configure:3354: result: /usr/bin/nm -B
configure:3357: checking how to recognise dependant libraries
configure:3535: result: pass_all
configure:3548: checking command to parse /usr/bin/nm -B output
configure:3629: gcc -c -g -O2  conftest.c >&5
configure:3632: $? = 0
configure:3636: /usr/bin/nm -B conftest.o \| sed -n -e 's/^.*[ 	]\([ABCDGISTW][ABCDGISTW]*\)[ 	][ 	]*\(\)\([_A-Za-z][_A-Za-z0-9]*\)$/\1 \2\3 \3/p' \> conftest.nm
configure:3639: $? = 0
configure:3691: gcc -o conftest -g -O2   conftest.c conftstm.o >&5
configure:3694: $? = 0
configure:3738: result: ok
configure:3743: checking for ANSI C header files
configure:3757: gcc -E  conftest.c
configure:3763: $? = 0
configure:3848: gcc -o conftest -g -O2   conftest.c  >&5
configure:3851: $? = 0
configure:3853: ./conftest
configure:3856: $? = 0
configure:3870: result: yes
configure:3894: checking for sys/types.h
configure:3907: gcc -c -g -O2  conftest.c >&5
configure:3910: $? = 0
configure:3913: test -s conftest.o
configure:3916: $? = 0
configure:3926: result: yes
configure:3894: checking for sys/stat.h
configure:3907: gcc -c -g -O2  conftest.c >&5
configure:3910: $? = 0
configure:3913: test -s conftest.o
configure:3916: $? = 0
configure:3926: result: yes
configure:3894: checking for stdlib.h
configure:3907: gcc -c -g -O2  conftest.c >&5
configure:3910: $? = 0
configure:3913: test -s conftest.o
configure:3916: $? = 0
configure:3926: result: yes
configure:3894: checking for string.h
configure:3907: gcc -c -g -O2  conftest.c >&5
configure:3910: $? = 0
configure:3913: test -s conftest.o
configure:3916: $? = 0
configure:3926: result: yes
configure:3894: checking for memory.h
configure:3907: gcc -c -g -O2  conftest.c >&5
configure:3910: $? = 0
configure:3913: test -s conftest.o
configure:3916: $? = 0
configure:3926: result: yes
configure:3894: checking for strings.h
configure:3907: gcc -c -g -O2  conftest.c >&5
configure:3910: $? = 0
configure:3913: test -s conftest.o
configure:3916: $? = 0
configure:3926: result: yes
configure:3894: checking for inttypes.h
configure:3907: gcc -c -g -O2  conftest.c >&5
configure:3910: $? = 0
configure:3913: test -s conftest.o
configure:3916: $? = 0
configure:3926: result: yes
configure:3894: checking for stdint.h
configure:3907: gcc -c -g -O2  conftest.c >&5
configure:3910: $? = 0
configure:3913: test -s conftest.o
configure:3916: $? = 0
configure:3926: result: yes
configure:3894: checking for unistd.h
configure:3907: gcc -c -g -O2  conftest.c >&5
configure:3910: $? = 0
configure:3913: test -s conftest.o
configure:3916: $? = 0
configure:3926: result: yes
configure:3952: checking dlfcn.h usability
configure:3961: gcc -c -g -O2  conftest.c >&5
configure:3964: $? = 0
configure:3967: test -s conftest.o
configure:3970: $? = 0
configure:3979: result: yes
configure:3983: checking dlfcn.h presence
configure:3990: gcc -E  conftest.c
configure:3996: $? = 0
configure:4014: result: yes
configure:4032: checking for dlfcn.h
configure:4039: result: yes
configure:4236: checking for ranlib
configure:4252: found /usr/bin/ranlib
configure:4263: result: ranlib
configure:4316: checking for strip
configure:4332: found /usr/bin/strip
configure:4343: result: strip
configure:4554: checking for objdir
configure:4565: result: .libs
configure:4582: checking for gcc option to produce PIC
configure:4732: result: -fPIC
configure:4736: checking if gcc PIC flag -fPIC works
configure:4762: gcc -c -g -O2 -fPIC -DPIC  conftest.c >&5
configure:4765: $? = 0
configure:4768: test -s conftest.o
configure:4771: $? = 0
configure:4808: result: yes
configure:4824: checking if gcc static flag -static works
configure:4851: gcc -o conftest -g -O2   -static conftest.c  >&5
configure:4854: $? = 0
configure:4857: test -s conftest
configure:4860: $? = 0
configure:4875: result: yes
configure:4887: checking if gcc supports -c -o file.o
configure:4909: gcc -c -g -O2 -o out/conftest2.o  conftest.c >&5
configure:4931: result: yes
configure:4936: checking if gcc supports -c -o file.lo
configure:4966: gcc -c -g -O2 -c -o conftest.lo  conftest.c >&5
configure:4969: $? = 0
configure:4972: test -s conftest.lo
configure:4975: $? = 0
configure:4996: result: yes
configure:5027: checking if gcc supports -fno-rtti -fno-exceptions
configure:5052: gcc -c -g -O2 -fno-rtti -fno-exceptions -c conftest.c  conftest.c >&5
configure:5055: $? = 0
configure:5058: test -s conftest.o
configure:5061: $? = 0
configure:5077: result: yes
configure:5088: checking whether the linker (/usr/bin/ld) supports shared libraries
configure:5768: result: yes
configure:5773: checking how to hardcode library paths into programs
configure:5797: result: immediate
configure:5802: checking whether stripping libraries is possible
configure:5807: result: yes
configure:5818: checking dynamic linker characteristics
configure:6211: result: GNU/Linux ld.so
configure:6216: checking if libtool supports shared libraries
configure:6218: result: yes
configure:6221: checking whether to build shared libraries
configure:6242: result: yes
configure:6245: checking whether to build static libraries
configure:6249: result: yes
configure:6911: checking whether -lc should be explicitly linked in
configure:6919: gcc -c -g -O2  conftest.c >&5
configure:6922: $? = 0
configure:6936: gcc -shared conftest.o  -v -Wl,-soname -Wl,conftest -o conftest 2\>\&1 \| grep  -lc  \>/dev/null 2\>\&1
configure:6939: $? = 0
configure:6952: result: no
configure:7524: checking for ANSI C header files
configure:7651: result: yes
configure:7687: checking fcntl.h usability
configure:7696: gcc -c -g -O2  conftest.c >&5
configure:7699: $? = 0
configure:7702: test -s conftest.o
configure:7705: $? = 0
configure:7714: result: yes
configure:7718: checking fcntl.h presence
configure:7725: gcc -E  conftest.c
configure:7731: $? = 0
configure:7749: result: yes
configure:7767: checking for fcntl.h
configure:7774: result: yes
configure:7687: checking limits.h usability
configure:7696: gcc -c -g -O2  conftest.c >&5
configure:7699: $? = 0
configure:7702: test -s conftest.o
configure:7705: $? = 0
configure:7714: result: yes
configure:7718: checking limits.h presence
configure:7725: gcc -E  conftest.c
configure:7731: $? = 0
configure:7749: result: yes
configure:7767: checking for limits.h
configure:7774: result: yes
configure:7687: checking malloc.h usability
configure:7696: gcc -c -g -O2  conftest.c >&5
configure:7699: $? = 0
configure:7702: test -s conftest.o
configure:7705: $? = 0
configure:7714: result: yes
configure:7718: checking malloc.h presence
configure:7725: gcc -E  conftest.c
configure:7731: $? = 0
configure:7749: result: yes
configure:7767: checking for malloc.h
configure:7774: result: yes
configure:7678: checking for strings.h
configure:7683: result: yes
configure:7687: checking sys/ioctl.h usability
configure:7696: gcc -c -g -O2  conftest.c >&5
configure:7699: $? = 0
configure:7702: test -s conftest.o
configure:7705: $? = 0
configure:7714: result: yes
configure:7718: checking sys/ioctl.h presence
configure:7725: gcc -E  conftest.c
configure:7731: $? = 0
configure:7749: result: yes
configure:7767: checking for sys/ioctl.h
configure:7774: result: yes
configure:7678: checking for sys/types.h
configure:7683: result: yes
configure:7687: checking sys/socket.h usability
configure:7696: gcc -c -g -O2  conftest.c >&5
configure:7699: $? = 0
configure:7702: test -s conftest.o
configure:7705: $? = 0
configure:7714: result: yes
configure:7718: checking sys/socket.h presence
configure:7725: gcc -E  conftest.c
configure:7731: $? = 0
configure:7749: result: yes
configure:7767: checking for sys/socket.h
configure:7774: result: yes
configure:7687: checking sys/time.h usability
configure:7696: gcc -c -g -O2  conftest.c >&5
configure:7699: $? = 0
configure:7702: test -s conftest.o
configure:7705: $? = 0
configure:7714: result: yes
configure:7718: checking sys/time.h presence
configure:7725: gcc -E  conftest.c
configure:7731: $? = 0
configure:7749: result: yes
configure:7767: checking for sys/time.h
configure:7774: result: yes
configure:7687: checking sys/queue.h usability
configure:7696: gcc -c -g -O2  conftest.c >&5
configure:7699: $? = 0
configure:7702: test -s conftest.o
configure:7705: $? = 0
configure:7714: result: yes
configure:7718: checking sys/queue.h presence
configure:7725: gcc -E  conftest.c
configure:7731: $? = 0
configure:7749: result: yes
configure:7767: checking for sys/queue.h
configure:7774: result: yes
configure:7687: checking syslog.h usability
configure:7696: gcc -c -g -O2  conftest.c >&5
configure:7699: $? = 0
configure:7702: test -s conftest.o
configure:7705: $? = 0
configure:7714: result: yes
configure:7718: checking syslog.h presence
configure:7725: gcc -E  conftest.c
configure:7731: $? = 0
configure:7749: result: yes
configure:7767: checking for syslog.h
configure:7774: result: yes
configure:7687: checking queue.h usability
configure:7696: gcc -c -g -O2  conftest.c >&5
configure:7724: queue.h: No such file or directory
configure:7699: $? = 1
configure: failed program was:
#line 7689 "configure"
#include "confdefs.h"
#include <stdio.h>
#if HAVE_SYS_TYPES_H
# include <sys/types.h>
#endif
#if HAVE_SYS_STAT_H
# include <sys/stat.h>
#endif
#if STDC_HEADERS
# include <stdlib.h>
# include <stddef.h>
#else
# if HAVE_STDLIB_H
#  include <stdlib.h>
# endif
#endif
#if HAVE_STRING_H
# if !STDC_HEADERS && HAVE_MEMORY_H
#  include <memory.h>
# endif
# include <string.h>
#endif
#if HAVE_STRINGS_H
# include <strings.h>
#endif
#if HAVE_INTTYPES_H
# include <inttypes.h>
#else
# if HAVE_STDINT_H
#  include <stdint.h>
# endif
#endif
#if HAVE_UNISTD_H
# include <unistd.h>
#endif
#include <queue.h>
configure:7714: result: no
configure:7718: checking queue.h presence
configure:7725: gcc -E  conftest.c
configure:7721: queue.h: No such file or directory
configure:7731: $? = 1
configure: failed program was:
#line 7720 "configure"
#include "confdefs.h"
#include <queue.h>
configure:7749: result: no
configure:7767: checking for queue.h
configure:7774: result: no
configure:7678: checking for unistd.h
configure:7683: result: yes
configure:7687: checking values.h usability
configure:7696: gcc -c -g -O2  conftest.c >&5
configure:7699: $? = 0
configure:7702: test -s conftest.o
configure:7705: $? = 0
configure:7714: result: yes
configure:7718: checking values.h presence
configure:7725: gcc -E  conftest.c
configure:7731: $? = 0
configure:7749: result: yes
configure:7767: checking for values.h
configure:7774: result: yes
configure:7797: checking event.h usability
configure:7806: gcc -c -g -O2  conftest.c >&5
configure:7809: $? = 0
configure:7812: test -s conftest.o
configure:7815: $? = 0
configure:7824: result: yes
configure:7828: checking event.h presence
configure:7835: gcc -E  conftest.c
configure:7841: $? = 0
configure:7859: result: yes
configure:7877: checking for event.h
configure:7884: result: yes
configure:7911: checking adns.h usability
configure:7920: gcc -c -g -O2  conftest.c >&5
configure:7923: $? = 0
configure:7926: test -s conftest.o
configure:7929: $? = 0
configure:7938: result: yes
configure:7942: checking adns.h presence
configure:7949: gcc -E  conftest.c
configure:7955: $? = 0
configure:7973: result: yes
configure:7991: checking for adns.h
configure:7998: result: yes
configure:8016: checking for adns_submit in -ladns
configure:8049: gcc -o conftest -g -O2   conftest.c -ladns   >&5
configure:8052: $? = 0
configure:8055: test -s conftest
configure:8058: $? = 0
configure:8069: result: yes
configure:8085: checking for event_init in -levent
configure:8118: gcc -o conftest -g -O2   conftest.c -levent  -ladns  >&5
configure:8121: $? = 0
configure:8124: test -s conftest
configure:8127: $? = 0
configure:8138: result: yes
configure:8154: checking for LibIrcInit in -lirc
configure:8187: gcc -o conftest -g -O2   conftest.c -lirc  -levent -ladns  >&5
configure:8190: $? = 0
configure:8193: test -s conftest
configure:8196: $? = 0
configure:8207: result: yes
configure:8223: checking for gcc option to accept ANSI C
configure:8286: gcc  -c -g -O2  conftest.c >&5
configure:8289: $? = 0
configure:8292: test -s conftest.o
configure:8295: $? = 0
configure:8312: result: none needed
configure:8320: checking for an ANSI C-conforming const
configure:8390: gcc -c -g -O2  conftest.c >&5
configure:8393: $? = 0
configure:8396: test -s conftest.o
configure:8399: $? = 0
configure:8409: result: yes
configure:8419: checking for off_t
configure:8446: gcc -c -g -O2  conftest.c >&5
configure:8449: $? = 0
configure:8452: test -s conftest.o
configure:8455: $? = 0
configure:8465: result: yes
configure:8477: checking for pid_t
configure:8504: gcc -c -g -O2  conftest.c >&5
configure:8507: $? = 0
configure:8510: test -s conftest.o
configure:8513: $? = 0
configure:8523: result: yes
configure:8535: checking for size_t
configure:8562: gcc -c -g -O2  conftest.c >&5
configure:8565: $? = 0
configure:8568: test -s conftest.o
configure:8571: $? = 0
configure:8581: result: yes
configure:8593: checking whether time.h and sys/time.h may both be included
configure:8621: gcc -c -g -O2  conftest.c >&5
configure:8624: $? = 0
configure:8627: test -s conftest.o
configure:8630: $? = 0
configure:8640: result: yes
configure:8650: checking whether struct tm is in sys/time.h or time.h
configure:8676: gcc -c -g -O2  conftest.c >&5
configure:8679: $? = 0
configure:8682: test -s conftest.o
configure:8685: $? = 0
configure:8695: result: time.h
configure:8707: checking whether gcc needs -traditional
configure:8743: result: no
configure:8750: checking return type of signal handlers
configure:8784: gcc -c -g -O2  conftest.c >&5
configure:8787: $? = 0
configure:8790: test -s conftest.o
configure:8793: $? = 0
configure:8803: result: void
configure:8815: checking for strftime
configure:8858: gcc -o conftest -g -O2   conftest.c -lirc -levent -ladns  >&5
configure:8861: $? = 0
configure:8864: test -s conftest
configure:8867: $? = 0
configure:8877: result: yes
configure:8956: checking for vprintf
configure:8999: gcc -o conftest -g -O2   conftest.c -lirc -levent -ladns  >&5
configure:9002: $? = 0
configure:9005: test -s conftest
configure:9008: $? = 0
configure:9018: result: yes
configure:9025: checking for _doprnt
configure:9068: gcc -o conftest -g -O2   conftest.c -lirc -levent -ladns  >&5
/tmp/ccIax1r0.o: In function `main':
/home/px/iirc_user/configure:9062: undefined reference to `_doprnt'
collect2: ld returned 1 exit status
configure:9071: $? = 1
configure: failed program was:
#line 9030 "configure"
#include "confdefs.h"
/* System header to define __stub macros and hopefully few prototypes,
    which can conflict with char _doprnt (); below.  */
#include <assert.h>
/* Override any gcc2 internal prototype to avoid an error.  */
#ifdef __cplusplus
extern "C"
#endif
/* We use char because int might match the return type of a gcc2
   builtin and then its argument prototype would still apply.  */
char _doprnt ();
char (*f) ();

#ifdef F77_DUMMY_MAIN
#  ifdef __cplusplus
     extern "C"
#  endif
   int F77_DUMMY_MAIN() { return 1; }
#endif
int
main ()
{
/* The GNU C library defines this for functions which it implements
    to always fail with ENOSYS.  Some functions are actually named
    something starting with __ and the normal name is an alias.  */
#if defined (__stub__doprnt) || defined (__stub____doprnt)
choke me
#else
f = _doprnt;
#endif

  ;
  return 0;
}
configure:9087: result: no
configure:9110: checking for gethostname
configure:9153: gcc -o conftest -g -O2   conftest.c -lirc -levent -ladns  >&5
configure:9156: $? = 0
configure:9159: test -s conftest
configure:9162: $? = 0
configure:9172: result: yes
configure:9110: checking for gettimeofday
configure:9153: gcc -o conftest -g -O2   conftest.c -lirc -levent -ladns  >&5
configure:9156: $? = 0
configure:9159: test -s conftest
configure:9162: $? = 0
configure:9172: result: yes
configure:9110: checking for select
configure:9153: gcc -o conftest -g -O2   conftest.c -lirc -levent -ladns  >&5
configure:9156: $? = 0
configure:9159: test -s conftest
configure:9162: $? = 0
configure:9172: result: yes
configure:9110: checking for socket
configure:9153: gcc -o conftest -g -O2   conftest.c -lirc -levent -ladns  >&5
configure:9156: $? = 0
configure:9159: test -s conftest
configure:9162: $? = 0
configure:9172: result: yes
configure:9110: checking for strdup
configure:9153: gcc -o conftest -g -O2   conftest.c -lirc -levent -ladns  >&5
configure:9156: $? = 0
configure:9159: test -s conftest
configure:9162: $? = 0
configure:9172: result: yes
configure:9110: checking for strerror
configure:9153: gcc -o conftest -g -O2   conftest.c -lirc -levent -ladns  >&5
configure:9156: $? = 0
configure:9159: test -s conftest
configure:9162: $? = 0
configure:9172: result: yes
configure:9271: creating ./config.status

## ---------------- ##
## Cache variables. ##
## ---------------- ##

ac_cv_build=i686-pc-linux-gnu
ac_cv_build_alias=i686-pc-linux-gnu
ac_cv_c_compiler_gnu=yes
ac_cv_c_const=yes
ac_cv_env_CC_set=
ac_cv_env_CC_value=
ac_cv_env_CFLAGS_set=
ac_cv_env_CFLAGS_value=
ac_cv_env_CPPFLAGS_set=
ac_cv_env_CPPFLAGS_value=
ac_cv_env_CPP_set=
ac_cv_env_CPP_value=
ac_cv_env_LDFLAGS_set=
ac_cv_env_LDFLAGS_value=
ac_cv_env_build_alias_set=
ac_cv_env_build_alias_value=
ac_cv_env_host_alias_set=
ac_cv_env_host_alias_value=
ac_cv_env_target_alias_set=
ac_cv_env_target_alias_value=
ac_cv_exeext=
ac_cv_func__doprnt=no
ac_cv_func_gethostname=yes
ac_cv_func_gettimeofday=yes
ac_cv_func_select=yes
ac_cv_func_socket=yes
ac_cv_func_strdup=yes
ac_cv_func_strerror=yes
ac_cv_func_strftime=yes
ac_cv_func_vprintf=yes
ac_cv_header_adns_h=yes
ac_cv_header_dlfcn_h=yes
ac_cv_header_event_h=yes
ac_cv_header_fcntl_h=yes
ac_cv_header_inttypes_h=yes
ac_cv_header_limits_h=yes
ac_cv_header_malloc_h=yes
ac_cv_header_memory_h=yes
ac_cv_header_queue_h=no
ac_cv_header_stdc=yes
ac_cv_header_stdint_h=yes
ac_cv_header_stdlib_h=yes
ac_cv_header_string_h=yes
ac_cv_header_strings_h=yes
ac_cv_header_sys_ioctl_h=yes
ac_cv_header_sys_queue_h=yes
ac_cv_header_sys_socket_h=yes
ac_cv_header_sys_stat_h=yes
ac_cv_header_sys_time_h=yes
ac_cv_header_sys_types_h=yes
ac_cv_header_syslog_h=yes
ac_cv_header_time=yes
ac_cv_header_unistd_h=yes
ac_cv_header_values_h=yes
ac_cv_host=i686-pc-linux-gnu
ac_cv_host_alias=i686-pc-linux-gnu
ac_cv_lib_adns_adns_submit=yes
ac_cv_lib_event_event_init=yes
ac_cv_lib_irc_LibIrcInit=yes
ac_cv_objext=o
ac_cv_path_LIBTOOL=/usr/bin/libtool
ac_cv_path_LIBTOOLIZE=/usr/bin/libtoolize
ac_cv_path_install='/usr/bin/ginstall -c'
ac_cv_prog_AWK=gawk
ac_cv_prog_CPP='gcc -E'
ac_cv_prog_ac_ct_CC=gcc
ac_cv_prog_ac_ct_RANLIB=ranlib
ac_cv_prog_ac_ct_STRIP=strip
ac_cv_prog_cc_g=yes
ac_cv_prog_cc_stdc=
ac_cv_prog_gcc_traditional=no
ac_cv_prog_make_make_set=yes
ac_cv_struct_tm=time.h
ac_cv_type_off_t=yes
ac_cv_type_pid_t=yes
ac_cv_type_signal=void
ac_cv_type_size_t=yes
am_cv_CC_dependencies_compiler_type=gcc
lt_cv_archive_cmds_need_lc=no
lt_cv_compiler_c_o=yes
lt_cv_compiler_o_lo=yes
lt_cv_deplibs_check_method=pass_all
lt_cv_file_magic_cmd='$MAGIC_CMD'
lt_cv_file_magic_test_file='/lib/libc.so.6 /lib/libc-2.1.3.so /lib/libc-2.2.5.so'
lt_cv_global_symbol_to_c_name_address='sed -n -e '\''s/^: \([^ ]*\) $/  {\"\1\", (lt_ptr) 0},/p'\'' -e '\''s/^[BCDEGRST] \([^ ]*\) \([^ ]*\)$/  {"\2", (lt_ptr) \&\2},/p'\'''
lt_cv_global_symbol_to_cdecl='sed -n -e '\''s/^. .* \(.*\)$/extern char \1;/p'\'''
lt_cv_ld_reload_flag=-r
lt_cv_path_LD=/usr/bin/ld
lt_cv_path_NM='/usr/bin/nm -B'
lt_cv_prog_cc_can_build_shared=yes
lt_cv_prog_cc_no_builtin=
lt_cv_prog_cc_pic=' -fPIC'
lt_cv_prog_cc_pic_works=yes
lt_cv_prog_cc_shlib=
lt_cv_prog_cc_static=-static
lt_cv_prog_cc_static_works=yes
lt_cv_prog_cc_wl=-Wl,
lt_cv_prog_gnu_ld=yes
lt_cv_sys_global_symbol_pipe='sed -n -e '\''s/^.*[ 	]\([ABCDGISTW][ABCDGISTW]*\)[ 	][ 	]*\(\)\([_A-Za-z][_A-Za-z0-9]*\)$/\1 \2\3 \3/p'\'''
lt_cv_sys_path_separator=:

## ----------- ##
## confdefs.h. ##
## ----------- ##

#define PACKAGE_NAME ""
#define PACKAGE_TARNAME ""
#define PACKAGE_VERSION ""
#define PACKAGE_STRING ""
#define PACKAGE_BUGREPORT ""
#define PACKAGE "iirc_user"
#define VERSION "1.0a"
#define STDC_HEADERS 1
#define HAVE_SYS_TYPES_H 1
#define HAVE_SYS_STAT_H 1
#define HAVE_STDLIB_H 1
#define HAVE_STRING_H 1
#define HAVE_MEMORY_H 1
#define HAVE_STRINGS_H 1
#define HAVE_INTTYPES_H 1
#define HAVE_STDINT_H 1
#define HAVE_UNISTD_H 1
#define HAVE_DLFCN_H 1
#define STDC_HEADERS 1
#define HAVE_FCNTL_H 1
#define HAVE_LIMITS_H 1
#define HAVE_MALLOC_H 1
#define HAVE_STRINGS_H 1
#define HAVE_SYS_IOCTL_H 1
#define HAVE_SYS_TYPES_H 1
#define HAVE_SYS_SOCKET_H 1
#define HAVE_SYS_TIME_H 1
#define HAVE_SYS_QUEUE_H 1
#define HAVE_SYSLOG_H 1
#define HAVE_UNISTD_H 1
#define HAVE_VALUES_H 1
#define HAVE_EVENT_H 1
#define HAVE_ADNS_H 1
#define HAVE_LIBADNS 1
#define HAVE_LIBEVENT 1
#define HAVE_LIBIRC 1
#define TIME_WITH_SYS_TIME 1
#define RETSIGTYPE void
#define HAVE_STRFTIME 1
#define HAVE_VPRINTF 1
#define HAVE_GETHOSTNAME 1
#define HAVE_GETTIMEOFDAY 1
#define HAVE_SELECT 1
#define HAVE_SOCKET 1
#define HAVE_STRDUP 1
#define HAVE_STRERROR 1

configure: exit 0

## ---------------------- ##
## Running config.status. ##
## ---------------------- ##

This file was extended by config.status, which was
generated by GNU Autoconf 2.53.  Invocation command line was

  CONFIG_FILES    = 
  CONFIG_HEADERS  = 
  CONFIG_LINKS    = 
  CONFIG_COMMANDS = 
  $ ./config.status Makefile depfiles

on albert2

config.status:613: creating Makefile
config.status:992: executing depfiles commands

## ---------------------- ##
## Running config.status. ##
## ---------------------- ##

This file was extended by config.status, which was
generated by GNU Autoconf 2.53.  Invocation command line was

  CONFIG_FILES    = 
  CONFIG_HEADERS  = 
  CONFIG_LINKS    = 
  CONFIG_COMMANDS = 
  $ ./config.status config.h

on albert2

config.status:710: creating config.h
config.status:891: config.h is unchanged

## ---------------------- ##
## Running config.status. ##
## ---------------------- ##

This file was extended by config.status, which was
generated by GNU Autoconf 2.53.  Invocation command line was

  CONFIG_FILES    = 
  CONFIG_HEADERS  = 
  CONFIG_LINKS    = 
  CONFIG_COMMANDS = 
  $ ./config.status Makefile depfiles

on albert2

config.status:613: creating Makefile
config.status:992: executing depfiles commands
